[debug] [2022-12-02T15:28:12.633Z] ----------------------------------------------------------------------
[debug] [2022-12-02T15:28:12.637Z] Command:       /usr/bin/node /usr/bin/firebase init
[debug] [2022-12-02T15:28:12.638Z] CLI Version:   11.16.1
[debug] [2022-12-02T15:28:12.638Z] Platform:      linux
[debug] [2022-12-02T15:28:12.638Z] Node Version:  v14.20.1
[debug] [2022-12-02T15:28:12.641Z] Time:          Fri Dec 02 2022 15:28:12 GMT+0000 (Greenwich Mean Time)
[debug] [2022-12-02T15:28:12.641Z] ----------------------------------------------------------------------
[debug] 
[debug] [2022-12-02T15:28:12.652Z] > command requires scopes: ["email","openid","https://www.googleapis.com/auth/cloudplatformprojects.readonly","https://www.googleapis.com/auth/firebase","https://www.googleapis.com/auth/cloud-platform"]
[debug] [2022-12-02T15:28:12.653Z] > authorizing via signed-in user (dnlstronge@gmail.com)
[info] 
     ######## #### ########  ######## ########     ###     ######  ########
     ##        ##  ##     ## ##       ##     ##  ##   ##  ##       ##
     ######    ##  ########  ######   ########  #########  ######  ######
     ##        ##  ##    ##  ##       ##     ## ##     ##       ## ##
     ##       #### ##     ## ######## ########  ##     ##  ######  ########

You're about to initialize a Firebase project in this directory:

  /home/dnlstronge/ReactP/moneyMan

[info] 
=== Project Setup
[info] 
[info] First, let's associate this project directory with a Firebase project.
[info] You can create multiple project aliases by running firebase use --add, 
[info] but for now we'll just set up a default project.
[info] 
[debug] [2022-12-02T15:28:30.339Z] >>> [apiv2][query] GET https://firebase.googleapis.com/v1beta1/projects pageSize=100
[debug] [2022-12-02T15:28:31.248Z] <<< [apiv2][status] GET https://firebase.googleapis.com/v1beta1/projects 200
[debug] [2022-12-02T15:28:31.248Z] <<< [apiv2][body] GET https://firebase.googleapis.com/v1beta1/projects [omitted]
[info] i  Using project moneyman-99322 (moneyMan) 
[info] 
=== Firestore Setup
[debug] [2022-12-02T15:28:37.193Z] >>> [apiv2][query] GET https://serviceusage.googleapis.com/v1/projects/moneyman-99322/services/firestore.googleapis.com [none]
[debug] [2022-12-02T15:28:37.196Z] >>> [apiv2][(partial)header] GET https://serviceusage.googleapis.com/v1/projects/moneyman-99322/services/firestore.googleapis.com x-goog-quota-user=projects/moneyman-99322
[debug] [2022-12-02T15:28:38.312Z] <<< [apiv2][status] GET https://serviceusage.googleapis.com/v1/projects/moneyman-99322/services/firestore.googleapis.com 200
[debug] [2022-12-02T15:28:38.313Z] <<< [apiv2][body] GET https://serviceusage.googleapis.com/v1/projects/moneyman-99322/services/firestore.googleapis.com [omitted]
[debug] [2022-12-02T15:28:38.315Z] >>> [apiv2][query] GET https://appengine.googleapis.com/v1/apps/moneyman-99322 [none]
[debug] [2022-12-02T15:28:38.530Z] <<< [apiv2][status] GET https://appengine.googleapis.com/v1/apps/moneyman-99322 200
[debug] [2022-12-02T15:28:38.532Z] <<< [apiv2][body] GET https://appengine.googleapis.com/v1/apps/moneyman-99322 {"name":"apps/moneyman-99322","id":"moneyman-99322","authDomain":"gmail.com","locationId":"europe-west","codeBucket":"staging.moneyman-99322.appspot.com","servingStatus":"SERVING","defaultHostname":"moneyman-99322.ew.r.appspot.com","defaultBucket":"moneyman-99322.appspot.com","serviceAccount":"moneyman-99322@appspot.gserviceaccount.com","gcrDomain":"eu.gcr.io","databaseType":"CLOUD_FIRESTORE","featureSettings":{"splitHealthChecks":true,"useContainerOptimizedOs":true}}
[debug] [2022-12-02T15:28:38.533Z] database_type: CLOUD_FIRESTORE
[debug] [2022-12-02T15:28:38.538Z] > command requires scopes: ["email","openid","https://www.googleapis.com/auth/cloudplatformprojects.readonly","https://www.googleapis.com/auth/firebase","https://www.googleapis.com/auth/cloud-platform"]
[debug] [2022-12-02T15:28:38.540Z] > authorizing via signed-in user (dnlstronge@gmail.com)
[debug] [2022-12-02T15:28:38.540Z] [iam] checking project moneyman-99322 for permissions ["firebase.projects.get"]
[debug] [2022-12-02T15:28:38.544Z] >>> [apiv2][query] POST https://cloudresourcemanager.googleapis.com/v1/projects/moneyman-99322:testIamPermissions [none]
[debug] [2022-12-02T15:28:38.544Z] >>> [apiv2][(partial)header] POST https://cloudresourcemanager.googleapis.com/v1/projects/moneyman-99322:testIamPermissions x-goog-quota-user=projects/moneyman-99322
[debug] [2022-12-02T15:28:38.545Z] >>> [apiv2][body] POST https://cloudresourcemanager.googleapis.com/v1/projects/moneyman-99322:testIamPermissions {"permissions":["firebase.projects.get"]}
[debug] [2022-12-02T15:28:39.229Z] <<< [apiv2][status] POST https://cloudresourcemanager.googleapis.com/v1/projects/moneyman-99322:testIamPermissions 200
[debug] [2022-12-02T15:28:39.229Z] <<< [apiv2][body] POST https://cloudresourcemanager.googleapis.com/v1/projects/moneyman-99322:testIamPermissions {"permissions":["firebase.projects.get"]}
[info] 
[info] Firestore Security Rules allow you to define how and when to allow
[info] requests. You can keep these rules in your project directory
[info] and publish them with firebase deploy.
[info] 
[debug] [2022-12-02T15:29:05.442Z] >>> [apiv2][query] GET https://firebaserules.googleapis.com/v1/projects/moneyman-99322/releases pageSize=10&pageToken=
[debug] [2022-12-02T15:29:06.205Z] <<< [apiv2][status] GET https://firebaserules.googleapis.com/v1/projects/moneyman-99322/releases 200
[debug] [2022-12-02T15:29:06.206Z] <<< [apiv2][body] GET https://firebaserules.googleapis.com/v1/projects/moneyman-99322/releases {"releases":[{"name":"projects/moneyman-99322/releases/cloud.firestore","rulesetName":"projects/moneyman-99322/rulesets/7f869e9d-9704-4709-9536-ca0dd1b2be7f","createTime":"2022-11-27T10:42:19.325536Z","updateTime":"2022-11-27T10:42:19.325536Z"}]}
[debug] [2022-12-02T15:29:06.207Z] Found ruleset: projects/moneyman-99322/rulesets/7f869e9d-9704-4709-9536-ca0dd1b2be7f
[debug] [2022-12-02T15:29:06.210Z] >>> [apiv2][query] GET https://firebaserules.googleapis.com/v1/projects/moneyman-99322/rulesets/7f869e9d-9704-4709-9536-ca0dd1b2be7f [none]
[debug] [2022-12-02T15:29:06.984Z] <<< [apiv2][status] GET https://firebaserules.googleapis.com/v1/projects/moneyman-99322/rulesets/7f869e9d-9704-4709-9536-ca0dd1b2be7f 200
[debug] [2022-12-02T15:29:06.985Z] <<< [apiv2][body] GET https://firebaserules.googleapis.com/v1/projects/moneyman-99322/rulesets/7f869e9d-9704-4709-9536-ca0dd1b2be7f [omitted]
[info] 
[info] Firestore indexes allow you to perform complex queries while
[info] maintaining performance that scales with the size of the result
[info] set. You can keep index definitions in your project directory
[info] and publish them with firebase deploy.
[info] 
[debug] [2022-12-02T15:30:04.209Z] >>> [apiv2][query] GET https://firestore.googleapis.com/v1/projects/moneyman-99322/databases/(default)/collectionGroups/-/indexes [none]
[debug] [2022-12-02T15:30:04.217Z] >>> [apiv2][query] GET https://firestore.googleapis.com/v1/projects/moneyman-99322/databases/(default)/collectionGroups/-/fields?filter=indexConfig.usesAncestorConfig=false [none]
[debug] [2022-12-02T15:30:04.627Z] <<< [apiv2][status] GET https://firestore.googleapis.com/v1/projects/moneyman-99322/databases/(default)/collectionGroups/-/indexes 200
[debug] [2022-12-02T15:30:04.629Z] <<< [apiv2][body] GET https://firestore.googleapis.com/v1/projects/moneyman-99322/databases/(default)/collectionGroups/-/indexes {"indexes":[{"name":"projects/moneyman-99322/databases/(default)/collectionGroups/transactions/indexes/CICAgOjXh4EK","queryScope":"COLLECTION","fields":[{"fieldPath":"uid","order":"ASCENDING"},{"fieldPath":"createdAt","order":"DESCENDING"},{"fieldPath":"__name__","order":"DESCENDING"}],"state":"READY"}]}
[debug] [2022-12-02T15:30:04.757Z] <<< [apiv2][status] GET https://firestore.googleapis.com/v1/projects/moneyman-99322/databases/(default)/collectionGroups/-/fields?filter=indexConfig.usesAncestorConfig=false 200
[debug] [2022-12-02T15:30:04.759Z] <<< [apiv2][body] GET https://firestore.googleapis.com/v1/projects/moneyman-99322/databases/(default)/collectionGroups/-/fields?filter=indexConfig.usesAncestorConfig=false {"fields":[{"name":"projects/moneyman-99322/databases/(default)/collectionGroups/__default__/fields/*","indexConfig":{"indexes":[{"queryScope":"COLLECTION","fields":[{"fieldPath":"*","order":"ASCENDING"}],"state":"READY"},{"queryScope":"COLLECTION","fields":[{"fieldPath":"*","order":"DESCENDING"}],"state":"READY"},{"queryScope":"COLLECTION","fields":[{"fieldPath":"*","arrayConfig":"CONTAINS"}],"state":"READY"}]}}]}
[info] 
=== Hosting Setup
[info] 
[info] Your public directory is the folder (relative to your project directory) that
[info] will contain Hosting assets to be uploaded with firebase deploy. If you
[info] have a build process for your assets, use your build's output directory.
[info] 
